<?xml version="1.0" encoding="UTF-8"?>
<!-- Generated by org.testng.reporters.JUnitReportReporter -->
<testsuite hostname="sib" failures="0" tests="1" name="testscripts.FirstTest" time="21.806" errors="0" timestamp="2023-02-17T09:41:07 IST" skipped="0">
  <testcase classname="testscripts.FirstTest" name="firstTest" time="21.806"/>
  <system-out/>
</testsuite> <!-- testscripts.FirstTest -->
