<?xml version="1.0" encoding="UTF-8"?>
<!-- Generated by org.testng.reporters.JUnitReportReporter -->
<testsuite hostname="sib" failures="0" tests="1" name="testscripts.ThirdTest" time="67.763" errors="0" timestamp="2023-02-17T23:58:30 IST" skipped="0">
  <testcase classname="testscripts.ThirdTest" name="thirdTest" time="67.763"/>
  <system-out/>
</testsuite> <!-- testscripts.ThirdTest -->
