<?xml version="1.0" encoding="UTF-8"?>
<!-- Generated by org.testng.reporters.JUnitReportReporter -->
<testsuite hostname="sib" failures="0" tests="1" name="testscripts.fourthTest" time="14.375" errors="0" timestamp="2023-02-18T00:16:00 IST" skipped="0">
  <testcase classname="testscripts.fourthTest" name="FourthTest" time="14.375"/>
  <system-out/>
</testsuite> <!-- testscripts.fourthTest -->
