<?xml version="1.0" encoding="UTF-8"?>
<!-- Generated by org.testng.reporters.JUnitReportReporter -->
<testsuite hostname="sib" failures="0" tests="1" name="testscripts.Script3" time="30.527" errors="0" timestamp="2023-02-22T16:58:38 IST" skipped="0">
  <testcase classname="testscripts.Script3" name="thirdTest" time="30.527"/>
  <system-out/>
</testsuite> <!-- testscripts.Script3 -->
