<?xml version="1.0" encoding="UTF-8"?>
<!-- Generated by org.testng.reporters.JUnitReportReporter -->
<testsuite hostname="sib" failures="0" tests="1" name="testscripts.SecondTest" time="15.646" errors="0" timestamp="2023-02-17T22:24:39 IST" skipped="0">
  <testcase classname="testscripts.SecondTest" name="secondTest" time="15.646"/>
  <system-out/>
</testsuite> <!-- testscripts.SecondTest -->
