<?xml version="1.0" encoding="UTF-8"?>
<!-- Generated by org.testng.reporters.JUnitReportReporter -->
<testsuite hostname="sib" failures="0" tests="1" name="testscripts.Script3" time="23.118" errors="0" timestamp="2023-02-22T17:21:01 IST" skipped="0">
  <testcase classname="testscripts.Script3" name="thirdTest" time="23.118"/>
  <system-out/>
</testsuite> <!-- testscripts.Script3 -->
